# JRE version: OpenJDK Runtime Environment Temurin-17.0.3+7 (17.0.3+7) (build 17.0.3+7)
# Java VM: OpenJDK 64-Bit Server VM Temurin-17.0.3+7 (17.0.3+7, mixed mode, emulated-client, tiered, compressed oops, compressed class ptrs, g1 gc, windows-amd64)
GC Precious Log:
 CPUs: 2 total, 2 available
 Memory: 2013M
 Large Page Support: Disabled
 NUMA Support: Disabled
 Compressed Oops: Enabled (32-bit)
 Heap Region Size: 1M
 Heap Min Capacity: 8M
 Heap Initial Capacity: 32M
 Heap Max Capacity: 504M
 Pre-touch: Disabled
 Parallel Workers: 2
 Concurrent Workers: 1
 Concurrent Refinement Workers: 2
 Periodic GC: Disabled
Heap:
 garbage-first heap   total 32768K, used 19047K [0x00000000e0800000, 0x0000000100000000)
  region size 1024K, 6 young (6144K), 2 survivors (2048K)
 Metaspace       used 35816K, committed 36224K, reserved 1081344K
  class space    used 4523K, committed 4736K, reserved 1048576K
GC Heap History (20 events):
Event: 38.500 GC heap before
{Heap before GC invocations=5 (full 0):
 garbage-first heap   total 32768K, used 16599K [0x00000000e0800000, 0x0000000100000000)
  region size 1024K, 12 young (12288K), 2 survivors (2048K)
 Metaspace       used 21276K, committed 21504K, reserved 1073152K
  class space    used 2428K, committed 2560K, reserved 1048576K
}
Event: 38.512 GC heap after
{Heap after GC invocations=6 (full 0):
 garbage-first heap   total 32768K, used 8866K [0x00000000e0800000, 0x0000000100000000)
  region size 1024K, 2 young (2048K), 2 survivors (2048K)
 Metaspace       used 21276K, committed 21504K, reserved 1073152K
  class space    used 2428K, committed 2560K, reserved 1048576K
}
Event: 40.515 GC heap before
{Heap before GC invocations=7 (full 0):
 garbage-first heap   total 32768K, used 21154K [0x00000000e0800000, 0x0000000100000000)
  region size 1024K, 14 young (14336K), 2 survivors (2048K)
 Metaspace       used 24253K, committed 24512K, reserved 1073152K
  class space    used 2813K, committed 2944K, reserved 1048576K
}
Event: 40.532 GC heap after
{Heap after GC invocations=8 (full 0):
 garbage-first heap   total 32768K, used 9859K [0x00000000e0800000, 0x0000000100000000)
  region size 1024K, 2 young (2048K), 2 survivors (2048K)
 Metaspace       used 24253K, committed 24512K, reserved 1073152K
  class space    used 2813K, committed 2944K, reserved 1048576K
}
Event: 42.864 GC heap before
{Heap before GC invocations=8 (full 0):
 garbage-first heap   total 32768K, used 20099K [0x00000000e0800000, 0x0000000100000000)
  region size 1024K, 13 young (13312K), 2 survivors (2048K)
 Metaspace       used 26473K, committed 26816K, reserved 1073152K
  class space    used 3148K, committed 3328K, reserved 1048576K
}
Event: 42.874 GC heap after
{Heap after GC invocations=9 (full 0):
 garbage-first heap   total 32768K, used 10897K [0x00000000e0800000, 0x0000000100000000)
  region size 1024K, 2 young (2048K), 2 survivors (2048K)
 Metaspace       used 26473K, committed 26816K, reserved 1073152K
  class space    used 3148K, committed 3328K, reserved 1048576K
}
Event: 55.816 GC heap before
{Heap before GC invocations=9 (full 0):
 garbage-first heap   total 32768K, used 22161K [0x00000000e0800000, 0x0000000100000000)
  region size 1024K, 14 young (14336K), 2 survivors (2048K)
 Metaspace       used 27672K, committed 27968K, reserved 1081344K
  class space    used 3302K, committed 3456K, reserved 1048576K
}
Event: 55.838 GC heap after
{Heap after GC invocations=10 (full 0):
 garbage-first heap   total 32768K, used 12617K [0x00000000e0800000, 0x0000000100000000)
  region size 1024K, 2 young (2048K), 2 survivors (2048K)
 Metaspace       used 27672K, committed 27968K, reserved 1081344K
  class space    used 3302K, committed 3456K, reserved 1048576K
}
Event: 60.376 GC heap before
{Heap before GC invocations=10 (full 0):
 garbage-first heap   total 32768K, used 22857K [0x00000000e0800000, 0x0000000100000000)
  region size 1024K, 12 young (12288K), 2 survivors (2048K)
 Metaspace       used 28369K, committed 28736K, reserved 1081344K
  class space    used 3413K, committed 3584K, reserved 1048576K
}
Event: 60.389 GC heap after
{Heap after GC invocations=11 (full 0):
 garbage-first heap   total 32768K, used 12938K [0x00000000e0800000, 0x0000000100000000)
  region size 1024K, 1 young (1024K), 1 survivors (1024K)
 Metaspace       used 28369K, committed 28736K, reserved 1081344K
  class space    used 3413K, committed 3584K, reserved 1048576K
}
Event: 66.986 GC heap before
{Heap before GC invocations=11 (full 0):
 garbage-first heap   total 32768K, used 24202K [0x00000000e0800000, 0x0000000100000000)
  region size 1024K, 12 young (12288K), 1 survivors (1024K)
 Metaspace       used 30113K, committed 30400K, reserved 1081344K
  class space    used 3659K, committed 3776K, reserved 1048576K
}
Event: 66.998 GC heap after
{Heap after GC invocations=12 (full 0):
 garbage-first heap   total 32768K, used 13557K [0x00000000e0800000, 0x0000000100000000)
  region size 1024K, 2 young (2048K), 2 survivors (2048K)
 Metaspace       used 30113K, committed 30400K, reserved 1081344K
  class space    used 3659K, committed 3776K, reserved 1048576K
}
Event: 70.729 GC heap before
{Heap before GC invocations=12 (full 0):
 garbage-first heap   total 32768K, used 23797K [0x00000000e0800000, 0x0000000100000000)
  region size 1024K, 12 young (12288K), 2 survivors (2048K)
 Metaspace       used 31708K, committed 32064K, reserved 1081344K
  class space    used 3914K, committed 4096K, reserved 1048576K
}
Event: 70.745 GC heap after
{Heap after GC invocations=13 (full 0):
 garbage-first heap   total 32768K, used 14497K [0x00000000e0800000, 0x0000000100000000)
  region size 1024K, 2 young (2048K), 2 survivors (2048K)
 Metaspace       used 31708K, committed 32064K, reserved 1081344K
  class space    used 3914K, committed 4096K, reserved 1048576K
}
Event: 76.906 GC heap before
{Heap before GC invocations=13 (full 0):
 garbage-first heap   total 32768K, used 24737K [0x00000000e0800000, 0x0000000100000000)
  region size 1024K, 12 young (12288K), 2 survivors (2048K)
 Metaspace       used 33379K, committed 33792K, reserved 1081344K
  class space    used 4176K, committed 4352K, reserved 1048576K
}
Event: 76.918 GC heap after
{Heap after GC invocations=14 (full 0):
 garbage-first heap   total 32768K, used 15606K [0x00000000e0800000, 0x0000000100000000)
  region size 1024K, 2 young (2048K), 2 survivors (2048K)
 Metaspace       used 33379K, committed 33792K, reserved 1081344K
  class space    used 4176K, committed 4352K, reserved 1048576K
}
Event: 78.181 GC heap before
{Heap before GC invocations=14 (full 0):
 garbage-first heap   total 32768K, used 24822K [0x00000000e0800000, 0x0000000100000000)
  region size 1024K, 11 young (11264K), 2 survivors (2048K)
 Metaspace       used 34643K, committed 35072K, reserved 1081344K
  class space    used 4382K, committed 4608K, reserved 1048576K
}
Event: 78.200 GC heap after
{Heap after GC invocations=15 (full 0):
 garbage-first heap   total 32768K, used 16659K [0x00000000e0800000, 0x0000000100000000)
  region size 1024K, 1 young (1024K), 1 survivors (1024K)
 Metaspace       used 34643K, committed 35072K, reserved 1081344K
  class space    used 4382K, committed 4608K, reserved 1048576K
}
Event: 78.935 GC heap before
{Heap before GC invocations=15 (full 0):
 garbage-first heap   total 32768K, used 20755K [0x00000000e0800000, 0x0000000100000000)
  region size 1024K, 6 young (6144K), 1 survivors (1024K)
 Metaspace       used 35566K, committed 35968K, reserved 1081344K
  class space    used 4475K, committed 4672K, reserved 1048576K
}
Event: 78.941 GC heap after
{Heap after GC invocations=16 (full 0):
 garbage-first heap   total 32768K, used 16999K [0x00000000e0800000, 0x0000000100000000)
  region size 1024K, 2 young (2048K), 2 survivors (2048K)
 Metaspace       used 35566K, committed 35968K, reserved 1081344K
  class space    used 4475K, committed 4672K, reserved 1048576K
}

